Compiling the C compiler identification source file "CMakeCCompilerId.c" failed.
Compiler: /home/dieter/Development/xtensa-esp32-elf/bin/xtensa-esp32-elf-cc 
Build flags: 
Id flags:  

The output was:
1
/home/dieter/Development/xtensa-esp32-elf/bin/../lib/gcc/xtensa-esp32-elf/5.2.0/../../../../xtensa-esp32-elf/bin/ld: cannot find crt1-sim.o: No such file or directory
/home/dieter/Development/xtensa-esp32-elf/bin/../lib/gcc/xtensa-esp32-elf/5.2.0/../../../../xtensa-esp32-elf/bin/ld: cannot find _vectors.o: No such file or directory
/home/dieter/Development/xtensa-esp32-elf/bin/../lib/gcc/xtensa-esp32-elf/5.2.0/../../../../xtensa-esp32-elf/bin/ld: cannot find -lsim
/home/dieter/Development/xtensa-esp32-elf/bin/../lib/gcc/xtensa-esp32-elf/5.2.0/../../../../xtensa-esp32-elf/bin/ld: cannot find -lhandlers-sim
/home/dieter/Development/xtensa-esp32-elf/bin/../lib/gcc/xtensa-esp32-elf/5.2.0/../../../../xtensa-esp32-elf/bin/ld: cannot find -lhal
collect2: error: ld returned 1 exit status


Compiling the CXX compiler identification source file "CMakeCXXCompilerId.cpp" failed.
Compiler: /home/dieter/Development/xtensa-esp32-elf/bin/xtensa-esp32-elf-g++ 
Build flags: 
Id flags:  

The output was:
1
/home/dieter/Development/xtensa-esp32-elf/bin/../lib/gcc/xtensa-esp32-elf/5.2.0/../../../../xtensa-esp32-elf/bin/ld: cannot find crt1-sim.o: No such file or directory
/home/dieter/Development/xtensa-esp32-elf/bin/../lib/gcc/xtensa-esp32-elf/5.2.0/../../../../xtensa-esp32-elf/bin/ld: cannot find _vectors.o: No such file or directory
/home/dieter/Development/xtensa-esp32-elf/bin/../lib/gcc/xtensa-esp32-elf/5.2.0/../../../../xtensa-esp32-elf/bin/ld: cannot find -lsim
/home/dieter/Development/xtensa-esp32-elf/bin/../lib/gcc/xtensa-esp32-elf/5.2.0/../../../../xtensa-esp32-elf/bin/ld: cannot find -lhandlers-sim
/home/dieter/Development/xtensa-esp32-elf/bin/../lib/gcc/xtensa-esp32-elf/5.2.0/../../../../xtensa-esp32-elf/bin/ld: cannot find -lhal
collect2: error: ld returned 1 exit status


Determining if the C compiler works failed with the following output:
Change Dir: /home/dieter/Development/ProjektEi/CMakeFiles/CMakeTmp

Run Build Command:"/usr/bin/make" "cmTC_355ac/fast"
/usr/bin/make -f CMakeFiles/cmTC_355ac.dir/build.make CMakeFiles/cmTC_355ac.dir/build
make[1]: Entering directory '/home/dieter/Development/ProjektEi/CMakeFiles/CMakeTmp'
Building C object CMakeFiles/cmTC_355ac.dir/testCCompiler.c.o
/home/dieter/Development/xtensa-esp32-elf/bin/xtensa-esp32-elf-cc    -o CMakeFiles/cmTC_355ac.dir/testCCompiler.c.o   -c /home/dieter/Development/ProjektEi/CMakeFiles/CMakeTmp/testCCompiler.c
Linking C executable cmTC_355ac
/usr/bin/cmake -E cmake_link_script CMakeFiles/cmTC_355ac.dir/link.txt --verbose=1
/home/dieter/Development/xtensa-esp32-elf/bin/xtensa-esp32-elf-cc      -rdynamic CMakeFiles/cmTC_355ac.dir/testCCompiler.c.o  -o cmTC_355ac 
/home/dieter/Development/xtensa-esp32-elf/bin/../lib/gcc/xtensa-esp32-elf/5.2.0/../../../../xtensa-esp32-elf/bin/ld: cannot find crt1-sim.o: No such file or directory
/home/dieter/Development/xtensa-esp32-elf/bin/../lib/gcc/xtensa-esp32-elf/5.2.0/../../../../xtensa-esp32-elf/bin/ld: cannot find _vectors.o: No such file or directory
/home/dieter/Development/xtensa-esp32-elf/bin/../lib/gcc/xtensa-esp32-elf/5.2.0/../../../../xtensa-esp32-elf/bin/ld: cannot find -lsim
/home/dieter/Development/xtensa-esp32-elf/bin/../lib/gcc/xtensa-esp32-elf/5.2.0/../../../../xtensa-esp32-elf/bin/ld: cannot find -lhandlers-sim
/home/dieter/Development/xtensa-esp32-elf/bin/../lib/gcc/xtensa-esp32-elf/5.2.0/../../../../xtensa-esp32-elf/bin/ld: cannot find -lhal
collect2: error: ld returned 1 exit status
make[1]: *** [CMakeFiles/cmTC_355ac.dir/build.make:87: cmTC_355ac] Error 1
make[1]: Leaving directory '/home/dieter/Development/ProjektEi/CMakeFiles/CMakeTmp'
make: *** [Makefile:121: cmTC_355ac/fast] Error 2


